{"/Users/tcornett/Projects/card-catalog-v2/src/tests/call-my-function.js": {"path":"/Users/tcornett/Projects/card-catalog-v2/src/tests/call-my-function.js","statementMap":{"0":{"start":{"line":2,"column":2},"end":{"line":2,"column":13}}},"fnMap":{"0":{"name":"callMyFunction","decl":{"start":{"line":1,"column":9},"end":{"line":1,"column":23}},"loc":{"start":{"line":1,"column":34},"end":{"line":3,"column":1}},"line":1}},"branchMap":{},"s":{"0":2},"f":{"0":2},"b":{},"_coverageSchema":"1a1c01bbd47fc00a2c39e90264f33305004495a9","hash":"32b4ac4fd7802c9335000c78764595cea58e3c4d"}
,"/Users/tcornett/Projects/card-catalog-v2/src/tests/sum.js": {"path":"/Users/tcornett/Projects/card-catalog-v2/src/tests/sum.js","statementMap":{"0":{"start":{"line":2,"column":2},"end":{"line":2,"column":15}}},"fnMap":{"0":{"name":"sum","decl":{"start":{"line":1,"column":9},"end":{"line":1,"column":12}},"loc":{"start":{"line":1,"column":19},"end":{"line":3,"column":1}},"line":1}},"branchMap":{},"s":{"0":2},"f":{"0":2},"b":{},"_coverageSchema":"1a1c01bbd47fc00a2c39e90264f33305004495a9","hash":"541952d8a3d6fa63af2405abb89bdf3079e0c908"}
}
